<?xml version="1.0" encoding="UTF-8"?>
<coverage generated="1633324864305" clover="3.2.0">
  <project timestamp="1633324864306" name="All files">
    <metrics statements="42" coveredstatements="39" conditionals="14" coveredconditionals="12" methods="18" coveredmethods="17" elements="74" coveredelements="68" complexity="0" loc="42" ncloc="42" packages="1" files="4" classes="4"/>
    <file name="addDog.js" path="/home/sam/projects/funzies/bestdogs/server-js/db/addDog.js">
      <metrics statements="15" coveredstatements="14" conditionals="7" coveredconditionals="6" methods="6" coveredmethods="6"/>
      <line num="1" count="1" type="stmt"/>
      <line num="2" count="1" type="stmt"/>
      <line num="4" count="1" type="stmt"/>
      <line num="7" count="4" type="cond" truecount="1" falsecount="1"/>
      <line num="11" count="0" type="stmt"/>
      <line num="12" count="4" type="stmt"/>
      <line num="16" count="4" type="stmt"/>
      <line num="17" count="4" type="cond" truecount="2" falsecount="0"/>
      <line num="18" count="3" type="stmt"/>
      <line num="20" count="1" type="stmt"/>
      <line num="25" count="3" type="stmt"/>
      <line num="26" count="3" type="stmt"/>
      <line num="29" count="4" type="stmt"/>
      <line num="33" count="3" type="stmt"/>
      <line num="35" count="1" type="stmt"/>
    </file>
    <file name="getDogs.js" path="/home/sam/projects/funzies/bestdogs/server-js/db/getDogs.js">
      <metrics statements="7" coveredstatements="6" conditionals="0" coveredconditionals="0" methods="4" coveredmethods="3"/>
      <line num="1" count="1" type="stmt"/>
      <line num="3" count="1" type="stmt"/>
      <line num="5" count="4" type="stmt"/>
      <line num="6" count="4" type="stmt"/>
      <line num="9" count="4" type="stmt"/>
      <line num="10" count="4" type="stmt"/>
      <line num="12" count="0" type="stmt"/>
    </file>
    <file name="index.js" path="/home/sam/projects/funzies/bestdogs/server-js/db/index.js">
      <metrics statements="3" coveredstatements="3" conditionals="0" coveredconditionals="0" methods="0" coveredmethods="0"/>
      <line num="1" count="1" type="stmt"/>
      <line num="2" count="1" type="stmt"/>
      <line num="4" count="1" type="stmt"/>
    </file>
    <file name="removeDog.js" path="/home/sam/projects/funzies/bestdogs/server-js/db/removeDog.js">
      <metrics statements="17" coveredstatements="16" conditionals="7" coveredconditionals="6" methods="8" coveredmethods="8"/>
      <line num="1" count="1" type="stmt"/>
      <line num="3" count="1" type="stmt"/>
      <line num="6" count="4" type="cond" truecount="1" falsecount="1"/>
      <line num="10" count="0" type="stmt"/>
      <line num="11" count="4" type="stmt"/>
      <line num="15" count="4" type="stmt"/>
      <line num="16" count="4" type="stmt"/>
      <line num="20" count="4" type="cond" truecount="2" falsecount="0"/>
      <line num="21" count="1" type="stmt"/>
      <line num="23" count="3" type="stmt"/>
      <line num="24" count="33" type="stmt"/>
      <line num="26" count="3" type="stmt"/>
      <line num="31" count="3" type="stmt"/>
      <line num="32" count="3" type="stmt"/>
      <line num="36" count="4" type="stmt"/>
      <line num="40" count="3" type="stmt"/>
      <line num="42" count="1" type="stmt"/>
    </file>
  </project>
</coverage>
