{"/home/sam/projects/funzies/bestdogs/server-js/db/addDog.js": {"path":"/home/sam/projects/funzies/bestdogs/server-js/db/addDog.js","statementMap":{"0":{"start":{"line":1,"column":11},"end":{"line":1,"column":24}},"1":{"start":{"line":2,"column":16},"end":{"line":2,"column":36}},"2":{"start":{"line":4,"column":0},"end":{"line":37,"column":2}},"3":{"start":{"line":7,"column":4},"end":{"line":11,"column":47}},"4":{"start":{"line":11,"column":6},"end":{"line":11,"column":47}},"5":{"start":{"line":12,"column":4},"end":{"line":12,"column":24}},"6":{"start":{"line":16,"column":17},"end":{"line":16,"column":46}},"7":{"start":{"line":17,"column":4},"end":{"line":21,"column":5}},"8":{"start":{"line":18,"column":6},"end":{"line":18,"column":17}},"9":{"start":{"line":20,"column":6},"end":{"line":20,"column":53}},"10":{"start":{"line":25,"column":4},"end":{"line":25,"column":38}},"11":{"start":{"line":26,"column":4},"end":{"line":26,"column":11}},"12":{"start":{"line":29,"column":2},"end":{"line":36,"column":5}},"13":{"start":{"line":33,"column":17},"end":{"line":33,"column":69}},"14":{"start":{"line":35,"column":4},"end":{"line":35,"column":14}}},"fnMap":{"0":{"name":"(anonymous_0)","decl":{"start":{"line":4,"column":17},"end":{"line":4,"column":18}},"loc":{"start":{"line":4,"column":26},"end":{"line":37,"column":1}},"line":4},"1":{"name":"validate","decl":{"start":{"line":6,"column":17},"end":{"line":6,"column":25}},"loc":{"start":{"line":6,"column":32},"end":{"line":13,"column":3}},"line":6},"2":{"name":"checkIfThere","decl":{"start":{"line":15,"column":17},"end":{"line":15,"column":29}},"loc":{"start":{"line":15,"column":36},"end":{"line":22,"column":3}},"line":15},"3":{"name":"addDog","decl":{"start":{"line":24,"column":17},"end":{"line":24,"column":23}},"loc":{"start":{"line":24,"column":29},"end":{"line":27,"column":3}},"line":24},"4":{"name":"(anonymous_4)","decl":{"start":{"line":33,"column":8},"end":{"line":33,"column":9}},"loc":{"start":{"line":33,"column":17},"end":{"line":33,"column":69}},"line":33},"5":{"name":"(anonymous_5)","decl":{"start":{"line":34,"column":9},"end":{"line":34,"column":10}},"loc":{"start":{"line":34,"column":16},"end":{"line":36,"column":3}},"line":34}},"branchMap":{"0":{"loc":{"start":{"line":7,"column":4},"end":{"line":11,"column":47}},"type":"if","locations":[{"start":{"line":7,"column":4},"end":{"line":11,"column":47}},{"start":{"line":7,"column":4},"end":{"line":11,"column":47}}],"line":7},"1":{"loc":{"start":{"line":8,"column":6},"end":{"line":10,"column":39}},"type":"binary-expr","locations":[{"start":{"line":8,"column":6},"end":{"line":8,"column":15}},{"start":{"line":9,"column":6},"end":{"line":9,"column":19}},{"start":{"line":10,"column":6},"end":{"line":10,"column":39}}],"line":8},"2":{"loc":{"start":{"line":17,"column":4},"end":{"line":21,"column":5}},"type":"if","locations":[{"start":{"line":17,"column":4},"end":{"line":21,"column":5}},{"start":{"line":17,"column":4},"end":{"line":21,"column":5}}],"line":17}},"s":{"0":1,"1":1,"2":1,"3":4,"4":0,"5":4,"6":4,"7":4,"8":3,"9":1,"10":3,"11":3,"12":4,"13":3,"14":1},"f":{"0":4,"1":4,"2":4,"3":3,"4":3,"5":1},"b":{"0":[0,4],"1":[4,4,4],"2":[3,1]},"_coverageSchema":"1a1c01bbd47fc00a2c39e90264f33305004495a9","hash":"8fc280bba553a4996c605edc832bc02423f6fcc5"}
,"/home/sam/projects/funzies/bestdogs/server-js/db/getDogs.js": {"path":"/home/sam/projects/funzies/bestdogs/server-js/db/getDogs.js","statementMap":{"0":{"start":{"line":1,"column":11},"end":{"line":1,"column":24}},"1":{"start":{"line":3,"column":0},"end":{"line":14,"column":2}},"2":{"start":{"line":5,"column":17},"end":{"line":5,"column":46}},"3":{"start":{"line":6,"column":4},"end":{"line":6,"column":16}},"4":{"start":{"line":9,"column":2},"end":{"line":13,"column":5}},"5":{"start":{"line":10,"column":16},"end":{"line":10,"column":74}},"6":{"start":{"line":12,"column":4},"end":{"line":12,"column":14}}},"fnMap":{"0":{"name":"(anonymous_0)","decl":{"start":{"line":3,"column":17},"end":{"line":3,"column":18}},"loc":{"start":{"line":3,"column":26},"end":{"line":14,"column":1}},"line":3},"1":{"name":"getDogs","decl":{"start":{"line":4,"column":17},"end":{"line":4,"column":24}},"loc":{"start":{"line":4,"column":27},"end":{"line":7,"column":3}},"line":4},"2":{"name":"(anonymous_2)","decl":{"start":{"line":10,"column":8},"end":{"line":10,"column":9}},"loc":{"start":{"line":10,"column":16},"end":{"line":10,"column":74}},"line":10},"3":{"name":"(anonymous_3)","decl":{"start":{"line":11,"column":9},"end":{"line":11,"column":10}},"loc":{"start":{"line":11,"column":16},"end":{"line":13,"column":3}},"line":11}},"branchMap":{},"s":{"0":1,"1":1,"2":4,"3":4,"4":4,"5":4,"6":0},"f":{"0":4,"1":4,"2":4,"3":0},"b":{},"_coverageSchema":"1a1c01bbd47fc00a2c39e90264f33305004495a9","hash":"754dfa25f30a48c6d37051ca0b029e885649fad5"}
,"/home/sam/projects/funzies/bestdogs/server-js/db/index.js": {"path":"/home/sam/projects/funzies/bestdogs/server-js/db/index.js","statementMap":{"0":{"start":{"line":1,"column":15},"end":{"line":1,"column":45}},"1":{"start":{"line":2,"column":15},"end":{"line":2,"column":67}},"2":{"start":{"line":4,"column":0},"end":{"line":4,"column":74}}},"fnMap":{},"branchMap":{},"s":{"0":1,"1":1,"2":1},"f":{},"b":{},"_coverageSchema":"1a1c01bbd47fc00a2c39e90264f33305004495a9","hash":"35ae23f9270a32c3a8030be2a93da9261e5fa85e"}
,"/home/sam/projects/funzies/bestdogs/server-js/db/removeDog.js": {"path":"/home/sam/projects/funzies/bestdogs/server-js/db/removeDog.js","statementMap":{"0":{"start":{"line":1,"column":11},"end":{"line":1,"column":24}},"1":{"start":{"line":3,"column":0},"end":{"line":44,"column":2}},"2":{"start":{"line":6,"column":4},"end":{"line":10,"column":48}},"3":{"start":{"line":10,"column":6},"end":{"line":10,"column":48}},"4":{"start":{"line":11,"column":4},"end":{"line":11,"column":24}},"5":{"start":{"line":15,"column":17},"end":{"line":15,"column":46}},"6":{"start":{"line":16,"column":4},"end":{"line":16,"column":25}},"7":{"start":{"line":20,"column":4},"end":{"line":27,"column":5}},"8":{"start":{"line":21,"column":6},"end":{"line":21,"column":54}},"9":{"start":{"line":23,"column":22},"end":{"line":25,"column":8}},"10":{"start":{"line":24,"column":8},"end":{"line":24,"column":27}},"11":{"start":{"line":26,"column":6},"end":{"line":26,"column":21}},"12":{"start":{"line":31,"column":4},"end":{"line":31,"column":40}},"13":{"start":{"line":32,"column":4},"end":{"line":32,"column":19}},"14":{"start":{"line":36,"column":2},"end":{"line":43,"column":4}},"15":{"start":{"line":40,"column":20},"end":{"line":40,"column":72}},"16":{"start":{"line":42,"column":4},"end":{"line":42,"column":14}}},"fnMap":{"0":{"name":"(anonymous_0)","decl":{"start":{"line":3,"column":17},"end":{"line":3,"column":18}},"loc":{"start":{"line":3,"column":26},"end":{"line":44,"column":1}},"line":3},"1":{"name":"validate","decl":{"start":{"line":5,"column":17},"end":{"line":5,"column":25}},"loc":{"start":{"line":5,"column":32},"end":{"line":12,"column":3}},"line":5},"2":{"name":"getList","decl":{"start":{"line":14,"column":17},"end":{"line":14,"column":24}},"loc":{"start":{"line":14,"column":31},"end":{"line":17,"column":3}},"line":14},"3":{"name":"checkIfInList","decl":{"start":{"line":19,"column":17},"end":{"line":19,"column":30}},"loc":{"start":{"line":19,"column":45},"end":{"line":28,"column":3}},"line":19},"4":{"name":"(anonymous_4)","decl":{"start":{"line":23,"column":34},"end":{"line":23,"column":35}},"loc":{"start":{"line":23,"column":41},"end":{"line":25,"column":7}},"line":23},"5":{"name":"updateDB","decl":{"start":{"line":30,"column":17},"end":{"line":30,"column":25}},"loc":{"start":{"line":30,"column":36},"end":{"line":33,"column":3}},"line":30},"6":{"name":"(anonymous_6)","decl":{"start":{"line":40,"column":8},"end":{"line":40,"column":9}},"loc":{"start":{"line":40,"column":20},"end":{"line":40,"column":72}},"line":40},"7":{"name":"(anonymous_7)","decl":{"start":{"line":41,"column":9},"end":{"line":41,"column":10}},"loc":{"start":{"line":41,"column":16},"end":{"line":43,"column":3}},"line":41}},"branchMap":{"0":{"loc":{"start":{"line":6,"column":4},"end":{"line":10,"column":48}},"type":"if","locations":[{"start":{"line":6,"column":4},"end":{"line":10,"column":48}},{"start":{"line":6,"column":4},"end":{"line":10,"column":48}}],"line":6},"1":{"loc":{"start":{"line":7,"column":6},"end":{"line":9,"column":39}},"type":"binary-expr","locations":[{"start":{"line":7,"column":6},"end":{"line":7,"column":15}},{"start":{"line":8,"column":6},"end":{"line":8,"column":19}},{"start":{"line":9,"column":6},"end":{"line":9,"column":39}}],"line":7},"2":{"loc":{"start":{"line":20,"column":4},"end":{"line":27,"column":5}},"type":"if","locations":[{"start":{"line":20,"column":4},"end":{"line":27,"column":5}},{"start":{"line":20,"column":4},"end":{"line":27,"column":5}}],"line":20}},"s":{"0":1,"1":1,"2":4,"3":0,"4":4,"5":4,"6":4,"7":4,"8":1,"9":3,"10":33,"11":3,"12":3,"13":3,"14":4,"15":3,"16":1},"f":{"0":4,"1":4,"2":4,"3":4,"4":33,"5":3,"6":3,"7":1},"b":{"0":[0,4],"1":[4,4,4],"2":[1,3]},"_coverageSchema":"1a1c01bbd47fc00a2c39e90264f33305004495a9","hash":"49a93b5a662129504443e1eb1d3adbb7c7f5e94e"}
}
