TN:
SF:db/addDog.js
FN:4,(anonymous_0)
FN:6,validate
FN:15,checkIfThere
FN:24,addDog
FN:33,(anonymous_4)
FN:34,(anonymous_5)
FNF:6
FNH:6
FNDA:4,(anonymous_0)
FNDA:4,validate
FNDA:4,checkIfThere
FNDA:3,addDog
FNDA:3,(anonymous_4)
FNDA:1,(anonymous_5)
DA:1,1
DA:2,1
DA:4,1
DA:7,4
DA:11,0
DA:12,4
DA:16,4
DA:17,4
DA:18,3
DA:20,1
DA:25,3
DA:26,3
DA:29,4
DA:33,3
DA:35,1
LF:15
LH:14
BRDA:7,0,0,0
BRDA:7,0,1,4
BRDA:8,1,0,4
BRDA:8,1,1,4
BRDA:8,1,2,4
BRDA:17,2,0,3
BRDA:17,2,1,1
BRF:7
BRH:6
end_of_record
TN:
SF:db/getDogs.js
FN:3,(anonymous_0)
FN:4,getDogs
FN:10,(anonymous_2)
FN:11,(anonymous_3)
FNF:4
FNH:3
FNDA:4,(anonymous_0)
FNDA:4,getDogs
FNDA:4,(anonymous_2)
FNDA:0,(anonymous_3)
DA:1,1
DA:3,1
DA:5,4
DA:6,4
DA:9,4
DA:10,4
DA:12,0
LF:7
LH:6
BRF:0
BRH:0
end_of_record
TN:
SF:db/index.js
FNF:0
FNH:0
DA:1,1
DA:2,1
DA:4,1
LF:3
LH:3
BRF:0
BRH:0
end_of_record
TN:
SF:db/removeDog.js
FN:3,(anonymous_0)
FN:5,validate
FN:14,getList
FN:19,checkIfInList
FN:23,(anonymous_4)
FN:30,updateDB
FN:40,(anonymous_6)
FN:41,(anonymous_7)
FNF:8
FNH:8
FNDA:4,(anonymous_0)
FNDA:4,validate
FNDA:4,getList
FNDA:4,checkIfInList
FNDA:33,(anonymous_4)
FNDA:3,updateDB
FNDA:3,(anonymous_6)
FNDA:1,(anonymous_7)
DA:1,1
DA:3,1
DA:6,4
DA:10,0
DA:11,4
DA:15,4
DA:16,4
DA:20,4
DA:21,1
DA:23,3
DA:24,33
DA:26,3
DA:31,3
DA:32,3
DA:36,4
DA:40,3
DA:42,1
LF:17
LH:16
BRDA:6,0,0,0
BRDA:6,0,1,4
BRDA:7,1,0,4
BRDA:7,1,1,4
BRDA:7,1,2,4
BRDA:20,2,0,1
BRDA:20,2,1,3
BRF:7
BRH:6
end_of_record
